This file contains any messages produced by compilers while
running configure, to aid debugging if configure makes a mistake.

It was created by configure, which was
generated by GNU Autoconf 2.59.  Invocation command line was

  $ ./configure 

## --------- ##
## Platform. ##
## --------- ##

hostname = anikethjr-Lenovo-Z50-70
uname -m = x86_64
uname -r = 4.4.0-91-generic
uname -s = Linux
uname -v = #114-Ubuntu SMP Tue Aug 8 11:56:56 UTC 2017

/usr/bin/uname -p = unknown
/bin/uname -X     = unknown

/bin/arch              = unknown
/usr/bin/arch -k       = unknown
/usr/convex/getsysinfo = unknown
hostinfo               = unknown
/bin/machine           = unknown
/usr/bin/oslevel       = unknown
/bin/universe          = unknown

PATH: /home/anikethjr/apache-maven-3.5.0/bin
PATH: /home/anikethjr/anaconda2/bin
PATH: /usr/local/sbin
PATH: /usr/local/bin
PATH: /usr/sbin
PATH: /usr/bin
PATH: /sbin
PATH: /bin
PATH: /usr/games
PATH: /usr/local/games
PATH: /snap/bin


## ----------- ##
## Core tests. ##
## ----------- ##

configure:1538: checking for a BSD-compatible install
configure:1593: result: /usr/bin/install -c
configure:1604: checking whether build environment is sane
configure:1647: result: yes
configure:1712: checking for gawk
configure:1728: found /usr/bin/gawk
configure:1738: result: gawk
configure:1748: checking whether make sets $(MAKE)
configure:1768: result: yes
configure:2001: checking for gcc
configure:2017: found /usr/bin/gcc
configure:2027: result: gcc
configure:2271: checking for C compiler version
configure:2274: gcc --version </dev/null >&5
gcc (Ubuntu 4.9.3-13ubuntu2) 4.9.3
Copyright (C) 2015 Free Software Foundation, Inc.
This is free software; see the source for copying conditions.  There is NO
warranty; not even for MERCHANTABILITY or FITNESS FOR A PARTICULAR PURPOSE.

configure:2277: $? = 0
configure:2279: gcc -v </dev/null >&5
Using built-in specs.
COLLECT_GCC=gcc
COLLECT_LTO_WRAPPER=/usr/lib/gcc/x86_64-linux-gnu/4.9/lto-wrapper
Target: x86_64-linux-gnu
Configured with: ../src/configure -v --with-pkgversion='Ubuntu 4.9.3-13ubuntu2' --with-bugurl=file:///usr/share/doc/gcc-4.9/README.Bugs --enable-languages=c,c++,java,go,d,fortran,objc,obj-c++ --prefix=/usr --program-suffix=-4.9 --enable-shared --enable-linker-build-id --libexecdir=/usr/lib --without-included-gettext --enable-threads=posix --with-gxx-include-dir=/usr/include/c++/4.9 --libdir=/usr/lib --enable-nls --with-sysroot=/ --enable-clocale=gnu --enable-libstdcxx-debug --enable-libstdcxx-time=yes --enable-gnu-unique-object --disable-vtable-verify --enable-plugin --with-system-zlib --disable-browser-plugin --enable-java-awt=gtk --enable-gtk-cairo --with-java-home=/usr/lib/jvm/java-1.5.0-gcj-4.9-amd64/jre --enable-java-home --with-jvm-root-dir=/usr/lib/jvm/java-1.5.0-gcj-4.9-amd64 --with-jvm-jar-dir=/usr/lib/jvm-exports/java-1.5.0-gcj-4.9-amd64 --with-arch-directory=amd64 --with-ecj-jar=/usr/share/java/eclipse-ecj.jar --enable-objc-gc --enable-multiarch --disable-werror --with-arch-32=i686 --with-abi=m64 --with-multilib-list=m32,m64,mx32 --enable-multilib --with-tune=generic --enable-checking=release --build=x86_64-linux-gnu --host=x86_64-linux-gnu --target=x86_64-linux-gnu
Thread model: posix
gcc version 4.9.3 (Ubuntu 4.9.3-13ubuntu2) 
configure:2282: $? = 0
configure:2284: gcc -V </dev/null >&5
gcc: error: unrecognized command line option '-V'
gcc: fatal error: no input files
compilation terminated.
configure:2287: $? = 4
configure:2310: checking for C compiler default output file name
configure:2313: gcc    conftest.c  >&5
configure:2316: $? = 0
configure:2362: result: a.out
configure:2367: checking whether the C compiler works
configure:2373: ./a.out
configure:2376: $? = 0
configure:2393: result: yes
configure:2400: checking whether we are cross compiling
configure:2402: result: no
configure:2405: checking for suffix of executables
configure:2407: gcc -o conftest    conftest.c  >&5
configure:2410: $? = 0
configure:2435: result: 
configure:2441: checking for suffix of object files
configure:2462: gcc -c   conftest.c >&5
configure:2465: $? = 0
configure:2487: result: o
configure:2491: checking whether we are using the GNU C compiler
configure:2515: gcc -c   conftest.c >&5
configure:2521: $? = 0
configure:2525: test -z 
			 || test ! -s conftest.err
configure:2528: $? = 0
configure:2531: test -s conftest.o
configure:2534: $? = 0
configure:2547: result: yes
configure:2553: checking whether gcc accepts -g
configure:2574: gcc -c -g  conftest.c >&5
configure:2580: $? = 0
configure:2584: test -z 
			 || test ! -s conftest.err
configure:2587: $? = 0
configure:2590: test -s conftest.o
configure:2593: $? = 0
configure:2604: result: yes
configure:2621: checking for gcc option to accept ANSI C
configure:2691: gcc  -c -g -O2  conftest.c >&5
configure:2697: $? = 0
configure:2701: test -z 
			 || test ! -s conftest.err
configure:2704: $? = 0
configure:2707: test -s conftest.o
configure:2710: $? = 0
configure:2728: result: none needed
configure:2746: gcc -c -g -O2  conftest.c >&5
conftest.c:2:3: error: unknown type name 'choke'
   choke me
   ^
conftest.c:2:3: error: expected '=', ',', ';', 'asm' or '__attribute__' at end of input
configure:2752: $? = 1
configure: failed program was:
| #ifndef __cplusplus
|   choke me
| #endif
configure:2896: checking for style of include used by make
configure:2924: result: GNU
configure:2952: checking dependency style of gcc
configure:3042: result: gcc3
configure:3111: checking for g++
configure:3127: found /usr/bin/g++
configure:3137: result: g++
configure:3153: checking for C++ compiler version
configure:3156: g++ --version </dev/null >&5
g++ (Ubuntu 4.9.3-13ubuntu2) 4.9.3
Copyright (C) 2015 Free Software Foundation, Inc.
This is free software; see the source for copying conditions.  There is NO
warranty; not even for MERCHANTABILITY or FITNESS FOR A PARTICULAR PURPOSE.

configure:3159: $? = 0
configure:3161: g++ -v </dev/null >&5
Using built-in specs.
COLLECT_GCC=g++
COLLECT_LTO_WRAPPER=/usr/lib/gcc/x86_64-linux-gnu/4.9/lto-wrapper
Target: x86_64-linux-gnu
Configured with: ../src/configure -v --with-pkgversion='Ubuntu 4.9.3-13ubuntu2' --with-bugurl=file:///usr/share/doc/gcc-4.9/README.Bugs --enable-languages=c,c++,java,go,d,fortran,objc,obj-c++ --prefix=/usr --program-suffix=-4.9 --enable-shared --enable-linker-build-id --libexecdir=/usr/lib --without-included-gettext --enable-threads=posix --with-gxx-include-dir=/usr/include/c++/4.9 --libdir=/usr/lib --enable-nls --with-sysroot=/ --enable-clocale=gnu --enable-libstdcxx-debug --enable-libstdcxx-time=yes --enable-gnu-unique-object --disable-vtable-verify --enable-plugin --with-system-zlib --disable-browser-plugin --enable-java-awt=gtk --enable-gtk-cairo --with-java-home=/usr/lib/jvm/java-1.5.0-gcj-4.9-amd64/jre --enable-java-home --with-jvm-root-dir=/usr/lib/jvm/java-1.5.0-gcj-4.9-amd64 --with-jvm-jar-dir=/usr/lib/jvm-exports/java-1.5.0-gcj-4.9-amd64 --with-arch-directory=amd64 --with-ecj-jar=/usr/share/java/eclipse-ecj.jar --enable-objc-gc --enable-multiarch --disable-werror --with-arch-32=i686 --with-abi=m64 --with-multilib-list=m32,m64,mx32 --enable-multilib --with-tune=generic --enable-checking=release --build=x86_64-linux-gnu --host=x86_64-linux-gnu --target=x86_64-linux-gnu
Thread model: posix
gcc version 4.9.3 (Ubuntu 4.9.3-13ubuntu2) 
configure:3164: $? = 0
configure:3166: g++ -V </dev/null >&5
g++: error: unrecognized command line option '-V'
g++: fatal error: no input files
compilation terminated.
configure:3169: $? = 4
configure:3172: checking whether we are using the GNU C++ compiler
configure:3196: g++ -c   conftest.cc >&5
configure:3202: $? = 0
configure:3206: test -z 
			 || test ! -s conftest.err
configure:3209: $? = 0
configure:3212: test -s conftest.o
configure:3215: $? = 0
configure:3228: result: yes
configure:3234: checking whether g++ accepts -g
configure:3255: g++ -c -g  conftest.cc >&5
configure:3261: $? = 0
configure:3265: test -z 
			 || test ! -s conftest.err
configure:3268: $? = 0
configure:3271: test -s conftest.o
configure:3274: $? = 0
configure:3285: result: yes
configure:3327: g++ -c -g -O2  conftest.cc >&5
configure:3333: $? = 0
configure:3337: test -z 
			 || test ! -s conftest.err
configure:3340: $? = 0
configure:3343: test -s conftest.o
configure:3346: $? = 0
configure:3372: g++ -c -g -O2  conftest.cc >&5
conftest.cc: In function 'int main()':
conftest.cc:16:9: error: 'exit' was not declared in this scope
 exit (42);
         ^
configure:3378: $? = 1
configure: failed program was:
| /* confdefs.h.  */
| 
| #define PACKAGE_NAME ""
| #define PACKAGE_TARNAME ""
| #define PACKAGE_VERSION ""
| #define PACKAGE_STRING ""
| #define PACKAGE_BUGREPORT ""
| #define PACKAGE "yamcha"
| #define VERSION "0.33"
| #define MODEL_VERSION 0.4
| /* end confdefs.h.  */
| 
| int
| main ()
| {
| exit (42);
|   ;
|   return 0;
| }
configure:3327: g++ -c -g -O2  conftest.cc >&5
conftest.cc:12:40: error: 'void std::exit(int)' should have been declared inside 'std'
 extern "C" void std::exit (int) throw (); using std::exit;
                                        ^
configure:3333: $? = 1
configure: failed program was:
| /* confdefs.h.  */
| 
| #define PACKAGE_NAME ""
| #define PACKAGE_TARNAME ""
| #define PACKAGE_VERSION ""
| #define PACKAGE_STRING ""
| #define PACKAGE_BUGREPORT ""
| #define PACKAGE "yamcha"
| #define VERSION "0.33"
| #define MODEL_VERSION 0.4
| /* end confdefs.h.  */
| extern "C" void std::exit (int) throw (); using std::exit;
| #include <stdlib.h>
| int
| main ()
| {
| exit (42);
|   ;
|   return 0;
| }
configure:3327: g++ -c -g -O2  conftest.cc >&5
conftest.cc:12:31: error: 'void std::exit(int)' should have been declared inside 'std'
 extern "C" void std::exit (int); using std::exit;
                               ^
In file included from conftest.cc:13:0:
/usr/include/stdlib.h:543:70: error: declaration of 'void std::exit(int) throw ()' has a different exception specifier
 extern void exit (int __status) __THROW __attribute__ ((__noreturn__));
                                                                      ^
conftest.cc:12:17: error: from previous declaration 'void std::exit(int)'
 extern "C" void std::exit (int); using std::exit;
                 ^
configure:3333: $? = 1
configure: failed program was:
| /* confdefs.h.  */
| 
| #define PACKAGE_NAME ""
| #define PACKAGE_TARNAME ""
| #define PACKAGE_VERSION ""
| #define PACKAGE_STRING ""
| #define PACKAGE_BUGREPORT ""
| #define PACKAGE "yamcha"
| #define VERSION "0.33"
| #define MODEL_VERSION 0.4
| /* end confdefs.h.  */
| extern "C" void std::exit (int); using std::exit;
| #include <stdlib.h>
| int
| main ()
| {
| exit (42);
|   ;
|   return 0;
| }
configure:3327: g++ -c -g -O2  conftest.cc >&5
configure:3333: $? = 0
configure:3337: test -z 
			 || test ! -s conftest.err
configure:3340: $? = 0
configure:3343: test -s conftest.o
configure:3346: $? = 0
configure:3372: g++ -c -g -O2  conftest.cc >&5
configure:3378: $? = 0
configure:3382: test -z 
			 || test ! -s conftest.err
configure:3385: $? = 0
configure:3388: test -s conftest.o
configure:3391: $? = 0
configure:3416: checking dependency style of g++
configure:3506: result: gcc3
configure:3529: checking how to run the C preprocessor
configure:3564: gcc -E  conftest.c
configure:3570: $? = 0
configure:3602: gcc -E  conftest.c
conftest.c:15:28: fatal error: ac_nonexistent.h: No such file or directory
 #include <ac_nonexistent.h>
                            ^
compilation terminated.
configure:3608: $? = 1
configure: failed program was:
| /* confdefs.h.  */
| 
| #define PACKAGE_NAME ""
| #define PACKAGE_TARNAME ""
| #define PACKAGE_VERSION ""
| #define PACKAGE_STRING ""
| #define PACKAGE_BUGREPORT ""
| #define PACKAGE "yamcha"
| #define VERSION "0.33"
| #define MODEL_VERSION 0.4
| #ifdef __cplusplus
| extern "C" void exit (int) throw ();
| #endif
| /* end confdefs.h.  */
| #include <ac_nonexistent.h>
configure:3647: result: gcc -E
configure:3671: gcc -E  conftest.c
configure:3677: $? = 0
configure:3709: gcc -E  conftest.c
conftest.c:15:28: fatal error: ac_nonexistent.h: No such file or directory
 #include <ac_nonexistent.h>
                            ^
compilation terminated.
configure:3715: $? = 1
configure: failed program was:
| /* confdefs.h.  */
| 
| #define PACKAGE_NAME ""
| #define PACKAGE_TARNAME ""
| #define PACKAGE_VERSION ""
| #define PACKAGE_STRING ""
| #define PACKAGE_BUGREPORT ""
| #define PACKAGE "yamcha"
| #define VERSION "0.33"
| #define MODEL_VERSION 0.4
| #ifdef __cplusplus
| extern "C" void exit (int) throw ();
| #endif
| /* end confdefs.h.  */
| #include <ac_nonexistent.h>
configure:3759: checking for egrep
configure:3769: result: grep -E
configure:3775: checking whether gcc needs -traditional
configure:3817: result: no
configure:3824: checking whether make sets $(MAKE)
configure:3844: result: yes
configure:3933: checking build system type
configure:3951: result: x86_64-unknown-linux-gnu
configure:3959: checking host system type
configure:3973: result: x86_64-unknown-linux-gnu
configure:3981: checking for a sed that does not truncate output
configure:4035: result: /bin/sed
configure:4049: checking for ld used by gcc
configure:4116: result: /usr/bin/ld
configure:4125: checking if the linker (/usr/bin/ld) is GNU ld
configure:4140: result: yes
configure:4145: checking for /usr/bin/ld option to reload object files
configure:4152: result: -r
configure:4161: checking for BSD-compatible nm
configure:4203: result: /usr/bin/nm -B
configure:4207: checking whether ln -s works
configure:4211: result: yes
configure:4218: checking how to recognise dependent libraries
configure:4401: result: pass_all
configure:4485: gcc -c -g -O2  conftest.c >&5
configure:4488: $? = 0
configure:4851: checking for ANSI C header files
configure:4876: gcc -c -g -O2  conftest.c >&5
configure:4882: $? = 0
configure:4886: test -z 
			 || test ! -s conftest.err
configure:4889: $? = 0
configure:4892: test -s conftest.o
configure:4895: $? = 0
configure:4984: gcc -o conftest -g -O2   conftest.c  >&5
conftest.c: In function 'main':
conftest.c:32:7: warning: incompatible implicit declaration of built-in function 'exit'
       exit(2);
       ^
configure:4987: $? = 0
configure:4989: ./conftest
configure:4992: $? = 0
configure:5007: result: yes
configure:5031: checking for sys/types.h
configure:5047: gcc -c -g -O2  conftest.c >&5
configure:5053: $? = 0
configure:5057: test -z 
			 || test ! -s conftest.err
configure:5060: $? = 0
configure:5063: test -s conftest.o
configure:5066: $? = 0
configure:5077: result: yes
configure:5031: checking for sys/stat.h
configure:5047: gcc -c -g -O2  conftest.c >&5
configure:5053: $? = 0
configure:5057: test -z 
			 || test ! -s conftest.err
configure:5060: $? = 0
configure:5063: test -s conftest.o
configure:5066: $? = 0
configure:5077: result: yes
configure:5031: checking for stdlib.h
configure:5047: gcc -c -g -O2  conftest.c >&5
configure:5053: $? = 0
configure:5057: test -z 
			 || test ! -s conftest.err
configure:5060: $? = 0
configure:5063: test -s conftest.o
configure:5066: $? = 0
configure:5077: result: yes
configure:5031: checking for string.h
configure:5047: gcc -c -g -O2  conftest.c >&5
configure:5053: $? = 0
configure:5057: test -z 
			 || test ! -s conftest.err
configure:5060: $? = 0
configure:5063: test -s conftest.o
configure:5066: $? = 0
configure:5077: result: yes
configure:5031: checking for memory.h
configure:5047: gcc -c -g -O2  conftest.c >&5
configure:5053: $? = 0
configure:5057: test -z 
			 || test ! -s conftest.err
configure:5060: $? = 0
configure:5063: test -s conftest.o
configure:5066: $? = 0
configure:5077: result: yes
configure:5031: checking for strings.h
configure:5047: gcc -c -g -O2  conftest.c >&5
configure:5053: $? = 0
configure:5057: test -z 
			 || test ! -s conftest.err
configure:5060: $? = 0
configure:5063: test -s conftest.o
configure:5066: $? = 0
configure:5077: result: yes
configure:5031: checking for inttypes.h
configure:5047: gcc -c -g -O2  conftest.c >&5
configure:5053: $? = 0
configure:5057: test -z 
			 || test ! -s conftest.err
configure:5060: $? = 0
configure:5063: test -s conftest.o
configure:5066: $? = 0
configure:5077: result: yes
configure:5031: checking for stdint.h
configure:5047: gcc -c -g -O2  conftest.c >&5
configure:5053: $? = 0
configure:5057: test -z 
			 || test ! -s conftest.err
configure:5060: $? = 0
configure:5063: test -s conftest.o
configure:5066: $? = 0
configure:5077: result: yes
configure:5031: checking for unistd.h
configure:5047: gcc -c -g -O2  conftest.c >&5
configure:5053: $? = 0
configure:5057: test -z 
			 || test ! -s conftest.err
configure:5060: $? = 0
configure:5063: test -s conftest.o
configure:5066: $? = 0
configure:5077: result: yes
configure:5103: checking dlfcn.h usability
configure:5115: gcc -c -g -O2  conftest.c >&5
configure:5121: $? = 0
configure:5125: test -z 
			 || test ! -s conftest.err
configure:5128: $? = 0
configure:5131: test -s conftest.o
configure:5134: $? = 0
configure:5144: result: yes
configure:5148: checking dlfcn.h presence
configure:5158: gcc -E  conftest.c
configure:5164: $? = 0
configure:5184: result: yes
configure:5219: checking for dlfcn.h
configure:5226: result: yes
configure:5244: checking how to run the C++ preprocessor
configure:5275: g++ -E  conftest.cc
configure:5281: $? = 0
configure:5313: g++ -E  conftest.cc
conftest.cc:26:28: fatal error: ac_nonexistent.h: No such file or directory
 #include <ac_nonexistent.h>
                            ^
compilation terminated.
configure:5319: $? = 1
configure: failed program was:
| /* confdefs.h.  */
| 
| #define PACKAGE_NAME ""
| #define PACKAGE_TARNAME ""
| #define PACKAGE_VERSION ""
| #define PACKAGE_STRING ""
| #define PACKAGE_BUGREPORT ""
| #define PACKAGE "yamcha"
| #define VERSION "0.33"
| #define MODEL_VERSION 0.4
| #ifdef __cplusplus
| extern "C" void exit (int) throw ();
| #endif
| #define STDC_HEADERS 1
| #define HAVE_SYS_TYPES_H 1
| #define HAVE_SYS_STAT_H 1
| #define HAVE_STDLIB_H 1
| #define HAVE_STRING_H 1
| #define HAVE_MEMORY_H 1
| #define HAVE_STRINGS_H 1
| #define HAVE_INTTYPES_H 1
| #define HAVE_STDINT_H 1
| #define HAVE_UNISTD_H 1
| #define HAVE_DLFCN_H 1
| /* end confdefs.h.  */
| #include <ac_nonexistent.h>
configure:5358: result: g++ -E
configure:5382: g++ -E  conftest.cc
configure:5388: $? = 0
configure:5420: g++ -E  conftest.cc
conftest.cc:26:28: fatal error: ac_nonexistent.h: No such file or directory
 #include <ac_nonexistent.h>
                            ^
compilation terminated.
configure:5426: $? = 1
configure: failed program was:
| /* confdefs.h.  */
| 
| #define PACKAGE_NAME ""
| #define PACKAGE_TARNAME ""
| #define PACKAGE_VERSION ""
| #define PACKAGE_STRING ""
| #define PACKAGE_BUGREPORT ""
| #define PACKAGE "yamcha"
| #define VERSION "0.33"
| #define MODEL_VERSION 0.4
| #ifdef __cplusplus
| extern "C" void exit (int) throw ();
| #endif
| #define STDC_HEADERS 1
| #define HAVE_SYS_TYPES_H 1
| #define HAVE_SYS_STAT_H 1
| #define HAVE_STDLIB_H 1
| #define HAVE_STRING_H 1
| #define HAVE_MEMORY_H 1
| #define HAVE_STRINGS_H 1
| #define HAVE_INTTYPES_H 1
| #define HAVE_STDINT_H 1
| #define HAVE_UNISTD_H 1
| #define HAVE_DLFCN_H 1
| /* end confdefs.h.  */
| #include <ac_nonexistent.h>
configure:5521: checking for g77
configure:5550: result: no
configure:5521: checking for f77
configure:5537: found /usr/bin/f77
configure:5547: result: f77
configure:5562: checking for Fortran 77 compiler version
configure:5565: f77 --version </dev/null >&5
GNU Fortran (Ubuntu 5.4.0-6ubuntu1~16.04.4) 5.4.0 20160609
Copyright (C) 2015 Free Software Foundation, Inc.

GNU Fortran comes with NO WARRANTY, to the extent permitted by law.
You may redistribute copies of GNU Fortran
under the terms of the GNU General Public License.
For more information about these matters, see the file named COPYING

configure:5568: $? = 0
configure:5570: f77 -v </dev/null >&5
Using built-in specs.
COLLECT_GCC=f77
COLLECT_LTO_WRAPPER=/usr/lib/gcc/x86_64-linux-gnu/5/lto-wrapper
Target: x86_64-linux-gnu
Configured with: ../src/configure -v --with-pkgversion='Ubuntu 5.4.0-6ubuntu1~16.04.4' --with-bugurl=file:///usr/share/doc/gcc-5/README.Bugs --enable-languages=c,ada,c++,java,go,d,fortran,objc,obj-c++ --prefix=/usr --program-suffix=-5 --enable-shared --enable-linker-build-id --libexecdir=/usr/lib --without-included-gettext --enable-threads=posix --libdir=/usr/lib --enable-nls --with-sysroot=/ --enable-clocale=gnu --enable-libstdcxx-debug --enable-libstdcxx-time=yes --with-default-libstdcxx-abi=new --enable-gnu-unique-object --disable-vtable-verify --enable-libmpx --enable-plugin --with-system-zlib --disable-browser-plugin --enable-java-awt=gtk --enable-gtk-cairo --with-java-home=/usr/lib/jvm/java-1.5.0-gcj-5-amd64/jre --enable-java-home --with-jvm-root-dir=/usr/lib/jvm/java-1.5.0-gcj-5-amd64 --with-jvm-jar-dir=/usr/lib/jvm-exports/java-1.5.0-gcj-5-amd64 --with-arch-directory=amd64 --with-ecj-jar=/usr/share/java/eclipse-ecj.jar --enable-objc-gc --enable-multiarch --disable-werror --with-arch-32=i686 --with-abi=m64 --with-multilib-list=m32,m64,mx32 --enable-multilib --with-tune=generic --enable-checking=release --build=x86_64-linux-gnu --host=x86_64-linux-gnu --target=x86_64-linux-gnu
Thread model: posix
gcc version 5.4.0 20160609 (Ubuntu 5.4.0-6ubuntu1~16.04.4) 
configure:5573: $? = 0
configure:5575: f77 -V </dev/null >&5
f77: error: unrecognized command line option '-V'
f77: fatal error: no input files
compilation terminated.
configure:5578: $? = 1
configure:5586: checking whether we are using the GNU Fortran 77 compiler
configure:5600: f77 -c  conftest.F >&5
configure:5606: $? = 0
configure:5610: test -z 
			 || test ! -s conftest.err
configure:5613: $? = 0
configure:5616: test -s conftest.o
configure:5619: $? = 0
configure:5632: result: yes
configure:5638: checking whether f77 accepts -g
configure:5650: f77 -c -g conftest.f >&5
configure:5656: $? = 0
configure:5660: test -z 
			 || test ! -s conftest.err
configure:5663: $? = 0
configure:5666: test -s conftest.o
configure:5669: $? = 0
configure:5681: result: yes
configure:5711: checking the maximum length of command line arguments
configure:5776: result: 32768
configure:5787: checking command to parse /usr/bin/nm -B output from gcc object
configure:5876: gcc -c -g -O2  conftest.c >&5
configure:5879: $? = 0
configure:5883: /usr/bin/nm -B conftest.o \| sed -n -e 's/^.*[ 	]\([ABCDGIRSTW][ABCDGIRSTW]*\)[ 	][ 	]*\(\)\([_A-Za-z][_A-Za-z0-9]*\)$/\1 \2\3 \3/p' \> conftest.nm
configure:5886: $? = 0
configure:5938: gcc -o conftest -g -O2   conftest.c conftstm.o >&5
configure:5941: $? = 0
configure:5979: result: ok
configure:5983: checking for objdir
configure:5998: result: .libs
configure:6088: checking for ar
configure:6104: found /usr/bin/ar
configure:6115: result: ar
configure:6168: checking for ranlib
configure:6184: found /usr/bin/ranlib
configure:6195: result: ranlib
configure:6248: checking for strip
configure:6264: found /usr/bin/strip
configure:6275: result: strip
configure:6537: checking if gcc static flag  works
configure:6560: result: yes
configure:6578: checking if gcc supports -fno-rtti -fno-exceptions
configure:6596: gcc -c -g -O2  -fno-rtti -fno-exceptions conftest.c >&5
cc1: warning: command line option '-fno-rtti' is valid for C++/ObjC++ but not for C
configure:6600: $? = 0
configure:6611: result: no
configure:6626: checking for gcc option to produce PIC
configure:6803: result: -fPIC
configure:6811: checking if gcc PIC flag -fPIC works
configure:6829: gcc -c -g -O2  -fPIC -DPIC conftest.c >&5
configure:6833: $? = 0
configure:6844: result: yes
configure:6868: checking if gcc supports -c -o file.o
configure:6889: gcc -c -g -O2  -o out/conftest2.o conftest.c >&5
configure:6893: $? = 0
configure:6913: result: yes
configure:6939: checking whether the gcc linker (/usr/bin/ld -m elf_x86_64) supports shared libraries
configure:7787: result: yes
configure:7813: checking whether -lc should be explicitly linked in
configure:7818: gcc -c -g -O2  conftest.c >&5
configure:7821: $? = 0
configure:7835: gcc -shared conftest.o  -v -Wl,-soname -Wl,conftest -o conftest 2\>\&1 \| grep  -lc  \>/dev/null 2\>\&1
configure:7838: $? = 0
configure:7850: result: no
configure:7858: checking dynamic linker characteristics
configure:8224: gcc -c -g -O2  conftest.c >&5
configure:8227: $? = 0
configure:8419: result: GNU/Linux ld.so
configure:8423: checking how to hardcode library paths into programs
configure:8448: result: immediate
configure:8462: checking whether stripping libraries is possible
configure:8467: result: yes
configure:9297: checking if libtool supports shared libraries
configure:9299: result: yes
configure:9302: checking whether to build shared libraries
configure:9360: result: yes
configure:9363: checking whether to build static libraries
configure:9367: result: yes
configure:9459: creating libtool
configure:10006: checking for ld used by g++
configure:10073: result: /usr/bin/ld -m elf_x86_64
configure:10082: checking if the linker (/usr/bin/ld -m elf_x86_64) is GNU ld
configure:10097: result: yes
configure:10148: checking whether the g++ linker (/usr/bin/ld -m elf_x86_64) supports shared libraries
configure:10976: result: yes
configure:10994: g++ -c -g -O2  conftest.cc >&5
configure:10997: $? = 0
configure:11093: checking for g++ option to produce PIC
configure:11345: result: -fPIC
configure:11353: checking if g++ PIC flag -fPIC works
configure:11371: g++ -c -g -O2  -fPIC -DPIC conftest.cc >&5
configure:11375: $? = 0
configure:11386: result: yes
configure:11410: checking if g++ supports -c -o file.o
configure:11431: g++ -c -g -O2  -o out/conftest2.o conftest.cc >&5
configure:11435: $? = 0
configure:11455: result: yes
configure:11481: checking whether the g++ linker (/usr/bin/ld -m elf_x86_64) supports shared libraries
configure:11506: result: yes
configure:11577: checking dynamic linker characteristics
configure:11943: g++ -c -g -O2  conftest.cc >&5
configure:11946: $? = 0
configure:12138: result: GNU/Linux ld.so
configure:12142: checking how to hardcode library paths into programs
configure:12167: result: immediate
configure:12181: checking whether stripping libraries is possible
configure:12186: result: yes
configure:13493: checking if libtool supports shared libraries
configure:13495: result: yes
configure:13498: checking whether to build shared libraries
configure:13516: result: yes
configure:13519: checking whether to build static libraries
configure:13523: result: yes
configure:13535: checking for f77 option to produce PIC
configure:13712: result: -fPIC
configure:13720: checking if f77 PIC flag -fPIC works
configure:13738: f77 -c -g -O2 -fPIC conftest.f >&5
configure:13742: $? = 0
configure:13753: result: yes
configure:13777: checking if f77 supports -c -o file.o
configure:13798: f77 -c -g -O2 -o out/conftest2.o conftest.f >&5
configure:13802: $? = 0
configure:13822: result: yes
configure:13848: checking whether the f77 linker (/usr/bin/ld -m elf_x86_64) supports shared libraries
configure:14676: result: yes
configure:14747: checking dynamic linker characteristics
configure:15113: f77 -c -g -O2 conftest.f >&5
Warning: conftest.f:1: Illegal preprocessor directive
configure:15116: $? = 0
configure:15308: result: GNU/Linux ld.so
configure:15312: checking how to hardcode library paths into programs
configure:15337: result: immediate
configure:15351: checking whether stripping libraries is possible
configure:15356: result: yes
configure:19463: checking for library containing strerror
configure:19493: gcc -o conftest -g -O2   conftest.c  >&5
configure:19499: $? = 0
configure:19503: test -z 
			 || test ! -s conftest.err
configure:19506: $? = 0
configure:19509: test -s conftest
configure:19512: $? = 0
configure:19582: result: none required
configure:19608: checking for ANSI C header files
configure:19764: result: yes
configure:19774: checking for size_t
configure:19798: gcc -c -g -O2  conftest.c >&5
configure:19804: $? = 0
configure:19808: test -z 
			 || test ! -s conftest.err
configure:19811: $? = 0
configure:19814: test -s conftest.o
configure:19817: $? = 0
configure:19828: result: yes
configure:19857: checking for string.h
configure:19862: result: yes
configure:19857: checking for stdlib.h
configure:19862: result: yes
configure:19857: checking for unistd.h
configure:19862: result: yes
configure:19866: checking fcntl.h usability
configure:19878: gcc -c -g -O2  conftest.c >&5
configure:19884: $? = 0
configure:19888: test -z 
			 || test ! -s conftest.err
configure:19891: $? = 0
configure:19894: test -s conftest.o
configure:19897: $? = 0
configure:19907: result: yes
configure:19911: checking fcntl.h presence
configure:19921: gcc -E  conftest.c
configure:19927: $? = 0
configure:19947: result: yes
configure:19982: checking for fcntl.h
configure:19989: result: yes
configure:19866: checking math.h usability
configure:19878: gcc -c -g -O2  conftest.c >&5
configure:19884: $? = 0
configure:19888: test -z 
			 || test ! -s conftest.err
configure:19891: $? = 0
configure:19894: test -s conftest.o
configure:19897: $? = 0
configure:19907: result: yes
configure:19911: checking math.h presence
configure:19921: gcc -E  conftest.c
configure:19927: $? = 0
configure:19947: result: yes
configure:19982: checking for math.h
configure:19989: result: yes
configure:19866: checking ctype.h usability
configure:19878: gcc -c -g -O2  conftest.c >&5
configure:19884: $? = 0
configure:19888: test -z 
			 || test ! -s conftest.err
configure:19891: $? = 0
configure:19894: test -s conftest.o
configure:19897: $? = 0
configure:19907: result: yes
configure:19911: checking ctype.h presence
configure:19921: gcc -E  conftest.c
configure:19927: $? = 0
configure:19947: result: yes
configure:19982: checking for ctype.h
configure:19989: result: yes
configure:19857: checking for sys/types.h
configure:19862: result: yes
configure:19857: checking for sys/stat.h
configure:19862: result: yes
configure:19866: checking sys/mman.h usability
configure:19878: gcc -c -g -O2  conftest.c >&5
configure:19884: $? = 0
configure:19888: test -z 
			 || test ! -s conftest.err
configure:19891: $? = 0
configure:19894: test -s conftest.o
configure:19897: $? = 0
configure:19907: result: yes
configure:19911: checking sys/mman.h presence
configure:19921: gcc -E  conftest.c
configure:19927: $? = 0
configure:19947: result: yes
configure:19982: checking for sys/mman.h
configure:19989: result: yes
configure:19866: checking sys/times.h usability
configure:19878: gcc -c -g -O2  conftest.c >&5
configure:19884: $? = 0
configure:19888: test -z 
			 || test ! -s conftest.err
configure:19891: $? = 0
configure:19894: test -s conftest.o
configure:19897: $? = 0
configure:19907: result: yes
configure:19911: checking sys/times.h presence
configure:19921: gcc -E  conftest.c
configure:19927: $? = 0
configure:19947: result: yes
configure:19982: checking for sys/times.h
configure:19989: result: yes
configure:19866: checking windows.h usability
configure:19878: gcc -c -g -O2  conftest.c >&5
conftest.c:71:21: fatal error: windows.h: No such file or directory
 #include <windows.h>
                     ^
compilation terminated.
configure:19884: $? = 1
configure: failed program was:
| /* confdefs.h.  */
| 
| #define PACKAGE_NAME ""
| #define PACKAGE_TARNAME ""
| #define PACKAGE_VERSION ""
| #define PACKAGE_STRING ""
| #define PACKAGE_BUGREPORT ""
| #define PACKAGE "yamcha"
| #define VERSION "0.33"
| #define MODEL_VERSION 0.4
| #ifdef __cplusplus
| extern "C" void exit (int) throw ();
| #endif
| #define STDC_HEADERS 1
| #define HAVE_SYS_TYPES_H 1
| #define HAVE_SYS_STAT_H 1
| #define HAVE_STDLIB_H 1
| #define HAVE_STRING_H 1
| #define HAVE_MEMORY_H 1
| #define HAVE_STRINGS_H 1
| #define HAVE_INTTYPES_H 1
| #define HAVE_STDINT_H 1
| #define HAVE_UNISTD_H 1
| #define HAVE_DLFCN_H 1
| #define STDC_HEADERS 1
| #define HAVE_STRING_H 1
| #define HAVE_STDLIB_H 1
| #define HAVE_UNISTD_H 1
| #define HAVE_FCNTL_H 1
| #define HAVE_MATH_H 1
| #define HAVE_CTYPE_H 1
| #define HAVE_SYS_TYPES_H 1
| #define HAVE_SYS_STAT_H 1
| #define HAVE_SYS_MMAN_H 1
| #define HAVE_SYS_TIMES_H 1
| /* end confdefs.h.  */
| #include <stdio.h>
| #if HAVE_SYS_TYPES_H
| # include <sys/types.h>
| #endif
| #if HAVE_SYS_STAT_H
| # include <sys/stat.h>
| #endif
| #if STDC_HEADERS
| # include <stdlib.h>
| # include <stddef.h>
| #else
| # if HAVE_STDLIB_H
| #  include <stdlib.h>
| # endif
| #endif
| #if HAVE_STRING_H
| # if !STDC_HEADERS && HAVE_MEMORY_H
| #  include <memory.h>
| # endif
| # include <string.h>
| #endif
| #if HAVE_STRINGS_H
| # include <strings.h>
| #endif
| #if HAVE_INTTYPES_H
| # include <inttypes.h>
| #else
| # if HAVE_STDINT_H
| #  include <stdint.h>
| # endif
| #endif
| #if HAVE_UNISTD_H
| # include <unistd.h>
| #endif
| #include <windows.h>
configure:19907: result: no
configure:19911: checking windows.h presence
configure:19921: gcc -E  conftest.c
conftest.c:37:21: fatal error: windows.h: No such file or directory
 #include <windows.h>
                     ^
compilation terminated.
configure:19927: $? = 1
configure: failed program was:
| /* confdefs.h.  */
| 
| #define PACKAGE_NAME ""
| #define PACKAGE_TARNAME ""
| #define PACKAGE_VERSION ""
| #define PACKAGE_STRING ""
| #define PACKAGE_BUGREPORT ""
| #define PACKAGE "yamcha"
| #define VERSION "0.33"
| #define MODEL_VERSION 0.4
| #ifdef __cplusplus
| extern "C" void exit (int) throw ();
| #endif
| #define STDC_HEADERS 1
| #define HAVE_SYS_TYPES_H 1
| #define HAVE_SYS_STAT_H 1
| #define HAVE_STDLIB_H 1
| #define HAVE_STRING_H 1
| #define HAVE_MEMORY_H 1
| #define HAVE_STRINGS_H 1
| #define HAVE_INTTYPES_H 1
| #define HAVE_STDINT_H 1
| #define HAVE_UNISTD_H 1
| #define HAVE_DLFCN_H 1
| #define STDC_HEADERS 1
| #define HAVE_STRING_H 1
| #define HAVE_STDLIB_H 1
| #define HAVE_UNISTD_H 1
| #define HAVE_FCNTL_H 1
| #define HAVE_MATH_H 1
| #define HAVE_CTYPE_H 1
| #define HAVE_SYS_TYPES_H 1
| #define HAVE_SYS_STAT_H 1
| #define HAVE_SYS_MMAN_H 1
| #define HAVE_SYS_TIMES_H 1
| /* end confdefs.h.  */
| #include <windows.h>
configure:19947: result: no
configure:19982: checking for windows.h
configure:19989: result: no
configure:20006: checking for mmap
configure:20063: gcc -o conftest -g -O2   conftest.c  >&5
configure:20069: $? = 0
configure:20073: test -z 
			 || test ! -s conftest.err
configure:20076: $? = 0
configure:20079: test -s conftest
configure:20082: $? = 0
configure:20094: result: yes
configure:20104: checking for pow in -lm
configure:20134: gcc -o conftest -g -O2   conftest.c -lm   >&5
conftest.c:45:6: warning: conflicting types for built-in function 'pow'
 char pow ();
      ^
configure:20140: $? = 0
configure:20144: test -z 
			 || test ! -s conftest.err
configure:20147: $? = 0
configure:20150: test -s conftest
configure:20153: $? = 0
configure:20166: result: yes
configure:20172: checking for main in -lstdc++
configure:20196: gcc -o conftest -g -O2   conftest.c -lstdc++   >&5
configure:20202: $? = 0
configure:20206: test -z 
			 || test ! -s conftest.err
configure:20209: $? = 0
configure:20212: test -s conftest
configure:20215: $? = 0
configure:20228: result: yes
configure:20245: checking whether make is GNU Make
configure:20248: result: yes
configure:20279: checking for perl5
configure:20312: result: no
configure:20279: checking for perl
configure:20297: found /usr/bin/perl
configure:20309: result: /usr/bin/perl
configure:20342: checking for svm_learn
configure:20360: found /usr/local/bin/svm_learn
configure:20372: result: /usr/local/bin/svm_learn
configure:20396: checking for gzip
configure:20414: found /bin/gzip
configure:20427: result: /bin/gzip
configure:20443: checking if g++ supports stl <vector> (required)
configure:20465: g++ -c -O3 -Wno-deprecated -Wall  conftest.cc >&5
configure:20471: $? = 0
configure:20475: test -z 
			 || test ! -s conftest.err
configure:20478: $? = 0
configure:20481: test -s conftest.o
configure:20484: $? = 0
configure:20500: result: yes
configure:20504: checking if g++ supports stl <map> (required)
configure:20526: g++ -c -O3 -Wno-deprecated -Wall  conftest.cc >&5
configure:20532: $? = 0
configure:20536: test -z 
			 || test ! -s conftest.err
configure:20539: $? = 0
configure:20542: test -s conftest.o
configure:20545: $? = 0
configure:20561: result: yes
configure:20565: checking if g++ supports stl <functional> (required)
configure:20587: g++ -c -O3 -Wno-deprecated -Wall  conftest.cc >&5
configure:20593: $? = 0
configure:20597: test -z 
			 || test ! -s conftest.err
configure:20600: $? = 0
configure:20603: test -s conftest.o
configure:20606: $? = 0
configure:20622: result: yes
configure:20626: checking if g++ supports stl <algorithm> (required)
configure:20648: g++ -c -O3 -Wno-deprecated -Wall  conftest.cc >&5
configure:20654: $? = 0
configure:20658: test -z 
			 || test ! -s conftest.err
configure:20661: $? = 0
configure:20664: test -s conftest.o
configure:20667: $? = 0
configure:20683: result: yes
configure:20687: checking if g++ supports stl <string> (required)
configure:20709: g++ -c -O3 -Wno-deprecated -Wall  conftest.cc >&5
configure:20715: $? = 0
configure:20719: test -z 
			 || test ! -s conftest.err
configure:20722: $? = 0
configure:20725: test -s conftest.o
configure:20728: $? = 0
configure:20744: result: yes
configure:20748: checking if g++ supports stl <set> (required)
configure:20770: g++ -c -O3 -Wno-deprecated -Wall  conftest.cc >&5
configure:20776: $? = 0
configure:20780: test -z 
			 || test ! -s conftest.err
configure:20783: $? = 0
configure:20786: test -s conftest.o
configure:20789: $? = 0
configure:20805: result: yes
configure:20809: checking if g++ supports stl <iostream> (required)
configure:20831: g++ -c -O3 -Wno-deprecated -Wall  conftest.cc >&5
configure:20837: $? = 0
configure:20841: test -z 
			 || test ! -s conftest.err
configure:20844: $? = 0
configure:20847: test -s conftest.o
configure:20850: $? = 0
configure:20866: result: yes
configure:20870: checking if g++ supports stl <strstream> (required)
configure:20892: g++ -c -O3 -Wno-deprecated -Wall  conftest.cc >&5
configure:20898: $? = 0
configure:20902: test -z 
			 || test ! -s conftest.err
configure:20905: $? = 0
configure:20908: test -s conftest.o
configure:20911: $? = 0
configure:20927: result: yes
configure:20931: checking if g++ supports stl <fstream> (required)
configure:20953: g++ -c -O3 -Wno-deprecated -Wall  conftest.cc >&5
configure:20959: $? = 0
configure:20963: test -z 
			 || test ! -s conftest.err
configure:20966: $? = 0
configure:20969: test -s conftest.o
configure:20972: $? = 0
configure:20988: result: yes
configure:20992: checking if g++ supports stl <iterator> (required)
configure:21014: g++ -c -O3 -Wno-deprecated -Wall  conftest.cc >&5
configure:21020: $? = 0
configure:21024: test -z 
			 || test ! -s conftest.err
configure:21027: $? = 0
configure:21030: test -s conftest.o
configure:21033: $? = 0
configure:21049: result: yes
configure:21053: checking if g++ supports stl <stdexcept> (required)
configure:21075: g++ -c -O3 -Wno-deprecated -Wall  conftest.cc >&5
configure:21081: $? = 0
configure:21085: test -z 
			 || test ! -s conftest.err
configure:21088: $? = 0
configure:21091: test -s conftest.o
configure:21094: $? = 0
configure:21110: result: yes
configure:21115: checking if g++ supports template <class T> (required)
configure:21139: g++ -c -O3 -Wno-deprecated -Wall  conftest.cc >&5
configure:21145: $? = 0
configure:21149: test -z 
			 || test ! -s conftest.err
configure:21152: $? = 0
configure:21155: test -s conftest.o
configure:21158: $? = 0
configure:21174: result: yes
configure:21178: checking if g++ supports const_cast<> (required)
configure:21201: g++ -c -O3 -Wno-deprecated -Wall  conftest.cc >&5
conftest.cc: In function 'int main()':
conftest.cc:46:9: warning: unused variable 'c1' [-Wunused-variable]
    foo *c1=const_cast<foo*>(c);
         ^
configure:21207: $? = 0
configure:21211: test -z 
			 || test ! -s conftest.err
configure:21214: $? = 0
configure:21217: test -s conftest.o
configure:21220: $? = 0
configure:21236: result: yes
configure:21240: checking if g++ supports static_cast<> (required)
configure:21263: g++ -c -O3 -Wno-deprecated -Wall  conftest.cc >&5
conftest.cc: In function 'int main()':
conftest.cc:46:10: warning: unused variable 'c1' [-Wunused-variable]
    void *c1 = static_cast<void *>(c);
          ^
configure:21269: $? = 0
configure:21273: test -z 
			 || test ! -s conftest.err
configure:21276: $? = 0
configure:21279: test -s conftest.o
configure:21282: $? = 0
configure:21298: result: yes
configure:21302: checking if g++ supports dynamic_cast<> (required)
configure:21326: g++ -c -O3 -Wno-deprecated -Wall  conftest.cc >&5
conftest.cc: In function 'int main()':
conftest.cc:47:9: warning: unused variable 'c1' [-Wunused-variable]
    foo *c1 = dynamic_cast<foo *>(c);
         ^
configure:21332: $? = 0
configure:21336: test -z 
			 || test ! -s conftest.err
configure:21339: $? = 0
configure:21342: test -s conftest.o
configure:21345: $? = 0
configure:21361: result: yes
configure:21365: checking if g++ supports reinterpret_cast<> (required)
configure:21387: g++ -c -O3 -Wno-deprecated -Wall  conftest.cc >&5
conftest.cc: In function 'int main()':
conftest.cc:45:10: warning: unused variable 'p' [-Wunused-variable]
    char *p = reinterpret_cast<char *>(a);
          ^
configure:21393: $? = 0
configure:21397: test -z 
			 || test ! -s conftest.err
configure:21400: $? = 0
configure:21403: test -s conftest.o
configure:21406: $? = 0
configure:21422: result: yes
configure:21426: checking if g++ supports exception handler (required)
configure:21455: g++ -c -O3 -Wno-deprecated -Wall  conftest.cc >&5
conftest.cc: In function 'int main()':
conftest.cc:46:11: warning: unused variable 'i' [-Wunused-variable]
       int i = 0;
           ^
configure:21461: $? = 0
configure:21465: test -z 
			 || test ! -s conftest.err
configure:21468: $? = 0
configure:21471: test -s conftest.o
configure:21474: $? = 0
configure:21490: result: yes
configure:21494: checking if g++ supports namespaces (required) 
configure:21517: g++ -c -O3 -Wno-deprecated -Wall  conftest.cc >&5
conftest.cc: In function 'int main()':
conftest.cc:46:3: warning: unused variable 'a' [-Wunused-variable]
 A a;
   ^
configure:21523: $? = 0
configure:21527: test -z 
			 || test ! -s conftest.err
configure:21530: $? = 0
configure:21533: test -s conftest.o
configure:21536: $? = 0
configure:21551: result: yes
configure:21556: checking if g++ uses std namespace 
configure:21580: g++ -c -O3 -Wno-deprecated -Wall  conftest.cc >&5
configure:21586: $? = 0
configure:21590: test -z 
			 || test ! -s conftest.err
configure:21593: $? = 0
configure:21596: test -s conftest.o
configure:21599: $? = 0
configure:21682: result: yes
configure:21686: checking if g++ environment provides all required features
configure:21697: result: yes
configure:21820: creating ./config.status

## ---------------------- ##
## Running config.status. ##
## ---------------------- ##

This file was extended by config.status, which was
generated by GNU Autoconf 2.59.  Invocation command line was

  CONFIG_FILES    = 
  CONFIG_HEADERS  = 
  CONFIG_LINKS    = 
  CONFIG_COMMANDS = 
  $ ./config.status 

on anikethjr-Lenovo-Z50-70

config.status:749: creating Makefile
config.status:749: creating src/Makefile
config.status:749: creating src/Makefile.bcc32
config.status:749: creating src/Makefile.msvc
config.status:749: creating doc/Makefile
config.status:749: creating training/Makefile
config.status:749: creating tests/Makefile
config.status:749: creating libexec/Makefile
config.status:749: creating man/Makefile
config.status:749: creating yamcha-config
config.status:749: creating yamcha.spec
config.status:749: creating libexec/mkmodel
config.status:749: creating libexec/mksvmdata
config.status:749: creating libexec/svm_learn_wrapper
config.status:749: creating libexec/mkparam
config.status:749: creating libexec/showse
config.status:749: creating libexec/zipmodel
config.status:749: creating libexec/changeRepr.pl
config.status:749: creating libexec/conlleval.pl
config.status:749: creating libexec/selecttag
config.status:749: creating perl/Makefile.PL
config.status:749: creating ruby/extconf.rb
config.status:749: creating python/setup.py
config.status:853: creating config.h
config.status:1169: executing depfiles commands
config.status:1169: executing default commands

## ---------------- ##
## Cache variables. ##
## ---------------- ##

ac_cv_build=x86_64-unknown-linux-gnu
ac_cv_build_alias=x86_64-unknown-linux-gnu
ac_cv_c_compiler_gnu=yes
ac_cv_cxx_compiler_gnu=yes
ac_cv_env_CC_set=
ac_cv_env_CC_value=
ac_cv_env_CFLAGS_set=
ac_cv_env_CFLAGS_value=
ac_cv_env_CPPFLAGS_set=
ac_cv_env_CPPFLAGS_value=
ac_cv_env_CPP_set=
ac_cv_env_CPP_value=
ac_cv_env_CXXCPP_set=
ac_cv_env_CXXCPP_value=
ac_cv_env_CXXFLAGS_set=
ac_cv_env_CXXFLAGS_value=
ac_cv_env_CXX_set=
ac_cv_env_CXX_value=
ac_cv_env_F77_set=
ac_cv_env_F77_value=
ac_cv_env_FFLAGS_set=
ac_cv_env_FFLAGS_value=
ac_cv_env_LDFLAGS_set=
ac_cv_env_LDFLAGS_value=
ac_cv_env_build_alias_set=
ac_cv_env_build_alias_value=
ac_cv_env_host_alias_set=
ac_cv_env_host_alias_value=
ac_cv_env_target_alias_set=
ac_cv_env_target_alias_value=
ac_cv_exeext=
ac_cv_f77_compiler_gnu=yes
ac_cv_func_mmap=yes
ac_cv_header_ctype_h=yes
ac_cv_header_dlfcn_h=yes
ac_cv_header_fcntl_h=yes
ac_cv_header_inttypes_h=yes
ac_cv_header_math_h=yes
ac_cv_header_memory_h=yes
ac_cv_header_stdc=yes
ac_cv_header_stdint_h=yes
ac_cv_header_stdlib_h=yes
ac_cv_header_string_h=yes
ac_cv_header_strings_h=yes
ac_cv_header_sys_mman_h=yes
ac_cv_header_sys_stat_h=yes
ac_cv_header_sys_times_h=yes
ac_cv_header_sys_types_h=yes
ac_cv_header_unistd_h=yes
ac_cv_header_windows_h=no
ac_cv_host=x86_64-unknown-linux-gnu
ac_cv_host_alias=x86_64-unknown-linux-gnu
ac_cv_lib_m_pow=yes
ac_cv_lib_stdcpp_main=yes
ac_cv_objext=o
ac_cv_path_GZIP=/bin/gzip
ac_cv_path_PERL=/usr/bin/perl
ac_cv_path_SVM_LEARN=/usr/local/bin/svm_learn
ac_cv_path_install='/usr/bin/install -c'
ac_cv_prog_AWK=gawk
ac_cv_prog_CPP='gcc -E'
ac_cv_prog_CXXCPP='g++ -E'
ac_cv_prog_ac_ct_AR=ar
ac_cv_prog_ac_ct_CC=gcc
ac_cv_prog_ac_ct_CXX=g++
ac_cv_prog_ac_ct_F77=f77
ac_cv_prog_ac_ct_RANLIB=ranlib
ac_cv_prog_ac_ct_STRIP=strip
ac_cv_prog_cc_g=yes
ac_cv_prog_cc_stdc=
ac_cv_prog_cxx_g=yes
ac_cv_prog_egrep='grep -E'
ac_cv_prog_f77_g=yes
ac_cv_prog_gcc_traditional=no
ac_cv_prog_make_make_set=yes
ac_cv_search_strerror='none required'
ac_cv_type_size_t=yes
am_cv_CC_dependencies_compiler_type=gcc3
am_cv_CXX_dependencies_compiler_type=gcc3
lt_cv_deplibs_check_method=pass_all
lt_cv_file_magic_cmd='$MAGIC_CMD'
lt_cv_file_magic_test_file='/lib/libc.so* /lib/libc-*.so'
lt_cv_ld_reload_flag=-r
lt_cv_objdir=.libs
lt_cv_path_LD=/usr/bin/ld
lt_cv_path_LDCXX='/usr/bin/ld -m elf_x86_64'
lt_cv_path_NM='/usr/bin/nm -B'
lt_cv_path_SED=/bin/sed
lt_cv_prog_compiler_c_o=yes
lt_cv_prog_compiler_c_o_CXX=yes
lt_cv_prog_compiler_c_o_F77=yes
lt_cv_prog_compiler_rtti_exceptions=no
lt_cv_prog_gnu_ld=yes
lt_cv_prog_gnu_ldcxx=yes
lt_cv_sys_global_symbol_pipe='sed -n -e '\''s/^.*[ 	]\([ABCDGIRSTW][ABCDGIRSTW]*\)[ 	][ 	]*\(\)\([_A-Za-z][_A-Za-z0-9]*\)$/\1 \2\3 \3/p'\'''
lt_cv_sys_global_symbol_to_c_name_address='sed -n -e '\''s/^: \([^ ]*\) $/  {\"\1\", (lt_ptr) 0},/p'\'' -e '\''s/^[BCDEGRST] \([^ ]*\) \([^ ]*\)$/  {"\2", (lt_ptr) \&\2},/p'\'''
lt_cv_sys_global_symbol_to_cdecl='sed -n -e '\''s/^. .* \(.*\)$/extern int \1;/p'\'''
lt_cv_sys_max_cmd_len=32768
lt_lt_cv_prog_compiler_c_o='"yes"'
lt_lt_cv_prog_compiler_c_o_CXX='"yes"'
lt_lt_cv_prog_compiler_c_o_F77='"yes"'
lt_lt_cv_sys_global_symbol_pipe='"sed -n -e '\''s/^.*[ 	]\\([ABCDGIRSTW][ABCDGIRSTW]*\\)[ 	][ 	]*\\(\\)\\([_A-Za-z][_A-Za-z0-9]*\\)\$/\\1 \\2\\3 \\3/p'\''"'
lt_lt_cv_sys_global_symbol_to_c_name_address='"sed -n -e '\''s/^: \\([^ ]*\\) \$/  {\\\"\\1\\\", (lt_ptr) 0},/p'\'' -e '\''s/^[BCDEGRST] \\([^ ]*\\) \\([^ ]*\\)\$/  {\"\\2\", (lt_ptr) \\&\\2},/p'\''"'
lt_lt_cv_sys_global_symbol_to_cdecl='"sed -n -e '\''s/^. .* \\(.*\\)\$/extern int \\1;/p'\''"'

## ----------------- ##
## Output variables. ##
## ----------------- ##

ACLOCAL='${SHELL} /home/anikethjr/NER/yamcha-0.33/missing --run aclocal-1.9'
AMDEPBACKSLASH='\'
AMDEP_FALSE='#'
AMDEP_TRUE=''
AMTAR='${SHELL} /home/anikethjr/NER/yamcha-0.33/missing --run tar'
AR='ar'
AS='as'
AUTOCONF='${SHELL} /home/anikethjr/NER/yamcha-0.33/missing --run autoconf'
AUTOHEADER='${SHELL} /home/anikethjr/NER/yamcha-0.33/missing --run autoheader'
AUTOMAKE='${SHELL} /home/anikethjr/NER/yamcha-0.33/missing --run automake-1.9'
AWK='gawk'
CC='gcc'
CCDEPMODE='depmode=gcc3'
CFLAGS='-O3  -Wno-deprecated -Wall'
CPP='gcc -E'
CPPFLAGS=''
CXX='g++'
CXXCPP='g++ -E'
CXXDEPMODE='depmode=gcc3'
CXXFLAGS='-O3 -Wno-deprecated -Wall'
CYGPATH_W='echo'
DEFS='-DHAVE_CONFIG_H'
DEPDIR='.deps'
DLLTOOL='dlltool'
ECHO='echo'
ECHO_C=''
ECHO_N='-n'
ECHO_T=''
EGREP='grep -E'
EXEEXT=''
F77='f77'
FFLAGS='-g -O2'
GZIP='/bin/gzip'
INSTALL_DATA='${INSTALL} -m 644'
INSTALL_PROGRAM='${INSTALL}'
INSTALL_SCRIPT='${INSTALL}'
INSTALL_STRIP_PROGRAM='${SHELL} $(install_sh) -c -s'
LDFLAGS=''
LIBOBJS=''
LIBS=' -lm -lstdc++'
LIBTOOL='$(SHELL) $(top_builddir)/libtool'
LN_S='ln -s'
LTLIBOBJS=''
LTVERSION='3:0:2'
MAKEINFO='${SHELL} /home/anikethjr/NER/yamcha-0.33/missing --run makeinfo'
MODEL_VERSION='0.4'
OBJDUMP='objdump'
OBJEXT='o'
PACKAGE='yamcha'
PACKAGE_BUGREPORT=''
PACKAGE_NAME=''
PACKAGE_STRING=''
PACKAGE_TARNAME=''
PACKAGE_VERSION=''
PATH_SEPARATOR=':'
PERL='/usr/bin/perl'
RANLIB='ranlib'
SET_MAKE=''
SHELL='/bin/bash'
STRIP='strip'
SVM_LEARN='/usr/local/bin/svm_learn'
VERSION='0.33'
YAMCHA_LIBS=' -lm -lstdc++'
ac_ct_AR='ar'
ac_ct_AS=''
ac_ct_CC='gcc'
ac_ct_CXX='g++'
ac_ct_DLLTOOL=''
ac_ct_F77='f77'
ac_ct_OBJDUMP=''
ac_ct_RANLIB='ranlib'
ac_ct_STRIP='strip'
am__fastdepCC_FALSE='#'
am__fastdepCC_TRUE=''
am__fastdepCXX_FALSE='#'
am__fastdepCXX_TRUE=''
am__include='include'
am__leading_dot='.'
am__quote=''
am__tar='${AMTAR} chof - "$$tardir"'
am__untar='${AMTAR} xf -'
bindir='${exec_prefix}/bin'
build='x86_64-unknown-linux-gnu'
build_alias=''
build_cpu='x86_64'
build_os='linux-gnu'
build_vendor='unknown'
datadir='${prefix}/share'
exec_prefix='${prefix}'
host='x86_64-unknown-linux-gnu'
host_alias=''
host_cpu='x86_64'
host_os='linux-gnu'
host_vendor='unknown'
includedir='${prefix}/include'
infodir='${prefix}/info'
install_sh='/home/anikethjr/NER/yamcha-0.33/install-sh'
libdir='${exec_prefix}/lib'
libexecdir='${exec_prefix}/libexec'
localstatedir='${prefix}/var'
mandir='${prefix}/man'
mkdir_p='mkdir -p --'
oldincludedir='/usr/include'
prefix='/usr/local'
program_transform_name='s,x,x,'
sbindir='${exec_prefix}/sbin'
sharedstatedir='${prefix}/com'
sysconfdir='${prefix}/etc'
target_alias=''

## ----------- ##
## confdefs.h. ##
## ----------- ##

#define HAVE_CTYPE_H 1
#define HAVE_CXX_STD_NAMESPACE 1
#define HAVE_DLFCN_H 1
#define HAVE_FCNTL_H 1
#define HAVE_INTTYPES_H 1
#define HAVE_MATH_H 1
#define HAVE_MEMORY_H 1
#define HAVE_MMAP 1
#define HAVE_STDINT_H 1
#define HAVE_STDLIB_H 1
#define HAVE_STDLIB_H 1
#define HAVE_STRINGS_H 1
#define HAVE_STRING_H 1
#define HAVE_STRING_H 1
#define HAVE_SYS_MMAN_H 1
#define HAVE_SYS_STAT_H 1
#define HAVE_SYS_STAT_H 1
#define HAVE_SYS_TIMES_H 1
#define HAVE_SYS_TYPES_H 1
#define HAVE_SYS_TYPES_H 1
#define HAVE_UNISTD_H 1
#define HAVE_UNISTD_H 1
#define MODEL_VERSION 0.4
#define PACKAGE "yamcha"
#define PACKAGE_BUGREPORT ""
#define PACKAGE_NAME ""
#define PACKAGE_STRING ""
#define PACKAGE_TARNAME ""
#define PACKAGE_VERSION ""
#define STDC_HEADERS 1
#define STDC_HEADERS 1
#define VERSION "0.33"
#endif
#ifdef __cplusplus
extern "C" void exit (int) throw ();

configure: exit 0
